<?xml version="1.0" encoding="UTF-8"?>
<!-- Generated by org.testng.reporters.JUnitReportReporter -->
<testsuite hostname="LAPTOP-AOJDMLP9" failures="0" tests="1" name="com.TestNGDemos.D12ReadTheData" time="0.016" errors="0" timestamp="12 Mar 2024 11:19:15 GMT" skipped="0">
  <testcase classname="com.TestNGDemos.D12ReadTheData" name="readData" time="0.016"/>
</testsuite> <!-- com.TestNGDemos.D12ReadTheData -->
