<?xml version="1.0" encoding="UTF-8"?>
<!-- Generated by org.testng.reporters.JUnitReportReporter -->
<testsuite hostname="LAPTOP-AOJDMLP9" failures="0" tests="1" name="com.TestNGDemos.D09POMClient" time="1.998" errors="0" timestamp="10 Mar 2024 02:36:07 GMT" skipped="0">
  <testcase classname="com.TestNGDemos.D09POMClient" name="login" time="1.998"/>
</testsuite> <!-- com.TestNGDemos.D09POMClient -->
