<?xml version="1.0" encoding="UTF-8"?>
<!-- Generated by org.testng.reporters.JUnitReportReporter -->
<testsuite hostname="LAPTOP-AOJDMLP9" failures="0" tests="1" name="com.TestNGDemos.D01FirstTest" time="8.332" errors="0" timestamp="06 Mar 2024 15:40:29 GMT" skipped="0">
  <testcase classname="com.TestNGDemos.D01FirstTest" name="openMyntra" time="8.332"/>
</testsuite> <!-- com.TestNGDemos.D01FirstTest -->
