<?xml version="1.0" encoding="UTF-8"?>
<!-- Generated by org.testng.reporters.JUnitReportReporter -->
<testsuite hostname="LAPTOP-AOJDMLP9" failures="0" tests="4" name="com.TestNGDemos.D04Before_After_Method" time="12.569" errors="0" timestamp="07 Mar 2024 13:42:59 GMT" skipped="0">
  <testcase classname="com.TestNGDemos.D04Before_After_Method" name="openZepto" time="7.285"/>
  <testcase classname="com.TestNGDemos.D04Before_After_Method" name="openBewakoof" time="2.313"/>
  <testcase classname="com.TestNGDemos.D04Before_After_Method" name="openMyntra" time="0.468"/>
  <testcase classname="com.TestNGDemos.D04Before_After_Method" name="openMeesho" time="2.503"/>
</testsuite> <!-- com.TestNGDemos.D04Before_After_Method -->
