<?xml version="1.0" encoding="UTF-8"?>
<!-- Generated by org.testng.reporters.JUnitReportReporter -->
<testsuite hostname="LAPTOP-AOJDMLP9" failures="0" tests="1" name="com.TestNGDemos.D08KeywordDrivenFramework" time="1.216" errors="0" timestamp="10 Mar 2024 01:54:37 GMT" skipped="0">
  <testcase classname="com.TestNGDemos.D08KeywordDrivenFramework" name="login" time="1.216"/>
</testsuite> <!-- com.TestNGDemos.D08KeywordDrivenFramework -->
