<?xml version="1.0" encoding="UTF-8"?>
<!-- Generated by org.testng.reporters.JUnitReportReporter -->
<testsuite hostname="LAPTOP-AOJDMLP9" failures="0" tests="4" name="com.TestNGDemos.D05AmazonTest" time="18.210" errors="0" timestamp="10 Mar 2024 02:42:50 GMT" skipped="0">
  <testcase classname="com.TestNGDemos.D05AmazonTest" name="clickOnBestSellers" time="4.033"/>
  <testcase classname="com.TestNGDemos.D05AmazonTest" name="clickOnMobiles" time="4.160"/>
  <testcase classname="com.TestNGDemos.D05AmazonTest" name="clickOnTodaysDeal" time="3.585"/>
  <testcase classname="com.TestNGDemos.D05AmazonTest" name="clickOnElectronics" time="6.432"/>
</testsuite> <!-- com.TestNGDemos.D05AmazonTest -->
