<?xml version="1.0" encoding="UTF-8"?>
<!-- Generated by org.testng.reporters.JUnitReportReporter -->
<testsuite hostname="LAPTOP-AOJDMLP9" failures="0" tests="5" name="com.TestNGDemos.D11CreateLoginData" time="0.092" errors="0" timestamp="12 Mar 2024 10:43:34 GMT" skipped="0">
  <testcase classname="com.TestNGDemos.D11CreateLoginData" name="writeToLoginFile" time="0.007"/>
  <testcase classname="com.TestNGDemos.D11CreateLoginData" name="writeToLoginFile" time="0.005"/>
  <testcase classname="com.TestNGDemos.D11CreateLoginData" name="writeToLoginFile" time="0.009"/>
  <testcase classname="com.TestNGDemos.D11CreateLoginData" name="writeToLoginFile" time="0.058"/>
  <testcase classname="com.TestNGDemos.D11CreateLoginData" name="writeToLoginFile" time="0.013"/>
</testsuite> <!-- com.TestNGDemos.D11CreateLoginData -->
