<?xml version="1.0" encoding="UTF-8"?>
<!-- Generated by org.testng.reporters.JUnitReportReporter -->
<testsuite hostname="LAPTOP-AOJDMLP9" failures="0" tests="4" name="com.TestNGDemos.S05AmazonTest" time="21.541" errors="0" timestamp="09 Mar 2024 23:15:47 GMT" skipped="0">
  <testcase classname="com.TestNGDemos.S05AmazonTest" name="clickonBestSellers" time="5.560"/>
  <testcase classname="com.TestNGDemos.S05AmazonTest" name="clickonMobiles" time="5.710"/>
  <testcase classname="com.TestNGDemos.S05AmazonTest" name="clickonTodaysDeal" time="4.340"/>
  <testcase classname="com.TestNGDemos.S05AmazonTest" name="clickonElectronics" time="5.931"/>
</testsuite> <!-- com.TestNGDemos.S05AmazonTest -->
