<?xml version="1.0" encoding="UTF-8"?>
<!-- Generated by org.testng.reporters.JUnitReportReporter -->
<testsuite hostname="LAPTOP-AOJDMLP9" failures="0" tests="1" name="com.TestNGDemos.D07Parameterization" time="2.981" errors="0" timestamp="10 Mar 2024 01:03:45 GMT" skipped="0">
  <testcase classname="com.TestNGDemos.D07Parameterization" name="login" time="2.981"/>
</testsuite> <!-- com.TestNGDemos.D07Parameterization -->
