<?xml version="1.0" encoding="UTF-8"?>
<!-- Generated by org.testng.reporters.JUnitReportReporter -->
<testsuite hostname="LAPTOP-AOJDMLP9" failures="0" tests="4" name="com.TestNGDemos.D02SecondTest" time="18.129" errors="0" timestamp="09 Mar 2024 22:40:19 GMT" skipped="0">
  <testcase classname="com.TestNGDemos.D02SecondTest" name="openZepto" time="4.279"/>
  <testcase classname="com.TestNGDemos.D02SecondTest" name="openBewakoof" time="3.409"/>
  <testcase classname="com.TestNGDemos.D02SecondTest" name="openMyntra" time="6.868"/>
  <testcase classname="com.TestNGDemos.D02SecondTest" name="openMeesho" time="3.573"/>
</testsuite> <!-- com.TestNGDemos.D02SecondTest -->
