<?xml version="1.0" encoding="UTF-8"?>
<!-- Generated by org.testng.reporters.JUnitReportReporter -->
<testsuite hostname="LAPTOP-AOJDMLP9" failures="0" tests="1" name="com.Assignments.A04OHRM_Login_Logout" time="6.357" errors="0" timestamp="07 Mar 2024 14:53:04 GMT" skipped="0">
  <testcase classname="com.Assignments.A04OHRM_Login_Logout" name="login" time="6.357"/>
</testsuite> <!-- com.Assignments.A04OHRM_Login_Logout -->
