<?xml version="1.0" encoding="UTF-8"?>
<!-- Generated by org.testng.reporters.JUnitReportReporter -->
<testsuite hostname="LAPTOP-AOJDMLP9" failures="0" tests="4" name="com.TestNGDemos.D03Before_After_Test" time="14.222" errors="0" timestamp="07 Mar 2024 13:29:55 GMT" skipped="0">
  <testcase classname="com.TestNGDemos.D03Before_After_Test" name="openZepto" time="3.182"/>
  <testcase classname="com.TestNGDemos.D03Before_After_Test" name="openBewakoof" time="2.478"/>
  <testcase classname="com.TestNGDemos.D03Before_After_Test" name="openMyntra" time="6.002"/>
  <testcase classname="com.TestNGDemos.D03Before_After_Test" name="openMeesho" time="2.560"/>
</testsuite> <!-- com.TestNGDemos.D03Before_After_Test -->
