<?xml version="1.0" encoding="UTF-8"?>
<!-- Generated by org.testng.reporters.JUnitReportReporter -->
<testsuite hostname="LAPTOP-AOJDMLP9" failures="0" tests="1" name="com.TestNGDemos.D10WriteToExcel" time="0.060" errors="0" timestamp="12 Mar 2024 10:14:23 GMT" skipped="0">
  <testcase classname="com.TestNGDemos.D10WriteToExcel" name="writeToExcel" time="0.060"/>
</testsuite> <!-- com.TestNGDemos.D10WriteToExcel -->
